[ 2024-04-06 13:16:34,439 ] root - INFO - Entered initiate_data_ingestion method of Data_Ingestion class
[ 2024-04-06 13:16:34,439 ] root - INFO - Exporting data from mongodb
[ 2024-04-06 13:16:34,483 ] root - INFO - MongoDB connection succesfull
[ 2024-04-06 13:16:36,701 ] root - INFO - Shape of dataframe: (50960, 12)
[ 2024-04-06 13:16:36,702 ] root - INFO - Saving exported data into feature store file path: artifact/04_06_2024_13_16_34/data_ingestion/feature_store/usvisa.csv
[ 2024-04-06 13:16:36,815 ] root - INFO - Got the data from mongodb
[ 2024-04-06 13:16:36,815 ] root - INFO - Entered split_data_as_train_test method of Data_Ingestion class
[ 2024-04-06 13:16:36,822 ] root - INFO - Performed train test split on the dataframe
[ 2024-04-06 13:16:36,822 ] root - INFO - Exited split_data_as_train_test method of Data_Ingestion class
[ 2024-04-06 13:16:36,822 ] root - INFO - Exporting train and test file path.
[ 2024-04-06 13:16:36,929 ] root - INFO - Exported train and test file path.
[ 2024-04-06 13:16:36,931 ] root - INFO - Performed train test split on the dataset
[ 2024-04-06 13:16:36,931 ] root - INFO - Exited initiate_data_ingestion method of Data_Ingestion class
[ 2024-04-06 13:16:36,932 ] root - INFO - Data ingestion artifact: DataIngestionArtifact(trained_file_path='artifact/04_06_2024_13_16_34/data_ingestion/ingested/train.csv', test_file_path='artifact/04_06_2024_13_16_34/data_ingestion/ingested/test.csv')
[ 2024-04-06 13:16:36,945 ] root - INFO - Starting data validation
[ 2024-04-06 13:16:36,984 ] root - INFO - Is required column present: [True]
[ 2024-04-06 13:16:36,985 ] root - INFO - All required columns present in training dataframe: True
[ 2024-04-06 13:16:36,985 ] root - INFO - Is required column present: [True]
[ 2024-04-06 13:16:36,985 ] root - INFO - All required columns present in testing dataframe: True
[ 2024-04-06 13:16:49,345 ] root - INFO - 1/12 drift detected.
[ 2024-04-06 13:16:49,346 ] root - INFO - Data validation artifact: DataValidationArtifact(validation_status=True, message='Drift not detected', drift_report_file_path='artifact/04_06_2024_13_16_34/data_validation/drift_report/report.yaml')
[ 2024-04-06 13:16:49,349 ] root - INFO - Starting data transformation
[ 2024-04-06 13:16:49,350 ] root - INFO - Entered get_data_transformer_object method of DataTransformation class
[ 2024-04-06 13:16:49,350 ] root - INFO - Got numerical cols from schema config
[ 2024-04-06 13:16:49,350 ] root - INFO - Initialized StandardScaler, OneHotEncoder, OrdinalEncoder
[ 2024-04-06 13:16:49,350 ] root - INFO - Initialize PowerTransformer
[ 2024-04-06 13:16:49,350 ] root - INFO - Created preprocessor object from ColumnTransformer
[ 2024-04-06 13:16:49,350 ] root - INFO - Exited get_data_transformer_object method of DataTransformation class
[ 2024-04-06 13:16:49,350 ] root - INFO - Got the preprocessor object
[ 2024-04-06 13:16:49,395 ] root - INFO - Got train features and test features of Training dataset
[ 2024-04-06 13:16:49,396 ] root - INFO - Added company_age column to the Training dataset
