[ 2024-04-05 13:34:35,772 ] root - INFO - Entered initiate_data_ingestion method of Data_Ingestion class
[ 2024-04-05 13:34:35,772 ] root - INFO - Exporting data from mongodb
[ 2024-04-05 13:34:35,957 ] root - INFO - MongoDB connection succesfull
[ 2024-04-05 13:34:38,027 ] root - INFO - Shape of dataframe: (50960, 12)
[ 2024-04-05 13:34:38,028 ] root - INFO - Saving exported data into feature store file path: artifact/04_05_2024_13_34_29/data_ingestion/feature_store/usvisa.csv
[ 2024-04-05 13:34:38,141 ] root - INFO - Got the data from mongodb
[ 2024-04-05 13:34:38,141 ] root - INFO - Entered split_data_as_train_test method of Data_Ingestion class
[ 2024-04-05 13:34:38,149 ] root - INFO - Performed train test split on the dataframe
[ 2024-04-05 13:34:38,150 ] root - INFO - Exited split_data_as_train_test method of Data_Ingestion class
[ 2024-04-05 13:34:38,150 ] root - INFO - Exporting train and test file path.
[ 2024-04-05 13:34:38,259 ] root - INFO - Exported train and test file path.
[ 2024-04-05 13:34:38,261 ] root - INFO - Performed train test split on the dataset
[ 2024-04-05 13:34:38,262 ] root - INFO - Exited initiate_data_ingestion method of Data_Ingestion class
[ 2024-04-05 13:34:38,262 ] root - INFO - Data ingestion artifact: DataIngestionArtifact(trained_file_path='artifact/04_05_2024_13_34_29/data_ingestion/ingested/train.csv', test_file_path='artifact/04_05_2024_13_34_29/data_ingestion/ingested/test.csv')
[ 2024-04-05 13:34:38,273 ] root - INFO - Starting data validation
[ 2024-04-05 13:34:38,312 ] root - INFO - Is required column present: [True]
[ 2024-04-05 13:34:38,312 ] root - INFO - All required columns present in training dataframe: True
[ 2024-04-05 13:34:38,312 ] root - INFO - Is required column present: [True]
[ 2024-04-05 13:34:38,312 ] root - INFO - All required columns present in testing dataframe: True
[ 2024-04-05 13:34:50,514 ] root - INFO - 1/12 drift detected.
[ 2024-04-05 13:34:50,515 ] root - INFO - Data validation artifact: DataValidationArtifact(validation_status=True, message='Drift not detected', drift_report_file_path='artifact/04_05_2024_13_34_29/data_validation/drift_report/report.yaml')
